Analysis & Synthesis report for VMC
Wed Dec 17 22:46:00 2025
Quartus Prime Version 20.1.1 Build 720 11/11/2020 SJ Lite Edition


---------------------
; Table of Contents ;
---------------------
  1. Legal Notice
  2. Analysis & Synthesis Summary
  3. Analysis & Synthesis Settings
  4. Parallel Compilation
  5. Analysis & Synthesis Source Files Read
  6. Analysis & Synthesis Resource Usage Summary
  7. Analysis & Synthesis Resource Utilization by Entity
  8. Registers Removed During Synthesis
  9. General Register Statistics
 10. Multiplexer Restructuring Statistics (Restructuring Performed)
 11. Parameter Settings for User Entity Instance: ClockDivider:clk_div_inst
 12. Post-Synthesis Netlist Statistics for Top Partition
 13. Elapsed Time Per Partition
 14. Analysis & Synthesis Messages



----------------
; Legal Notice ;
----------------
Copyright (C) 2020  Intel Corporation. All rights reserved.
Your use of Intel Corporation's design tools, logic functions 
and other software and tools, and any partner logic 
functions, and any output files from any of the foregoing 
(including device programming or simulation files), and any 
associated documentation or information are expressly subject 
to the terms and conditions of the Intel Program License 
Subscription Agreement, the Intel Quartus Prime License Agreement,
the Intel FPGA IP License Agreement, or other applicable license
agreement, including, without limitation, that your use is for
the sole purpose of programming logic devices manufactured by
Intel and sold by Intel or its authorized distributors.  Please
refer to the applicable agreement for further details, at
https://fpgasoftware.intel.com/eula.



+----------------------------------------------------------------------------------+
; Analysis & Synthesis Summary                                                     ;
+------------------------------------+---------------------------------------------+
; Analysis & Synthesis Status        ; Successful - Wed Dec 17 22:46:00 2025       ;
; Quartus Prime Version              ; 20.1.1 Build 720 11/11/2020 SJ Lite Edition ;
; Revision Name                      ; VMC                                         ;
; Top-level Entity Name              ; VMC_DE10                                    ;
; Family                             ; MAX 10                                      ;
; Total logic elements               ; 247                                         ;
;     Total combinational functions  ; 242                                         ;
;     Dedicated logic registers      ; 62                                          ;
; Total registers                    ; 62                                          ;
; Total pins                         ; 21                                          ;
; Total virtual pins                 ; 0                                           ;
; Total memory bits                  ; 0                                           ;
; Embedded Multiplier 9-bit elements ; 0                                           ;
; Total PLLs                         ; 0                                           ;
; UFM blocks                         ; 0                                           ;
; ADC blocks                         ; 0                                           ;
+------------------------------------+---------------------------------------------+


+------------------------------------------------------------------------------------------------------------+
; Analysis & Synthesis Settings                                                                              ;
+------------------------------------------------------------------+--------------------+--------------------+
; Option                                                           ; Setting            ; Default Value      ;
+------------------------------------------------------------------+--------------------+--------------------+
; Device                                                           ; 10M50DAF484C7G     ;                    ;
; Top-level entity name                                            ; VMC_DE10           ; VMC                ;
; Family name                                                      ; MAX 10             ; Cyclone V          ;
; Use smart compilation                                            ; Off                ; Off                ;
; Enable parallel Assembler and Timing Analyzer during compilation ; On                 ; On                 ;
; Enable compact report table                                      ; Off                ; Off                ;
; Restructure Multiplexers                                         ; Auto               ; Auto               ;
; Create Debugging Nodes for IP Cores                              ; Off                ; Off                ;
; Preserve fewer node names                                        ; On                 ; On                 ;
; Intel FPGA IP Evaluation Mode                                    ; Enable             ; Enable             ;
; Verilog Version                                                  ; Verilog_2001       ; Verilog_2001       ;
; VHDL Version                                                     ; VHDL_1993          ; VHDL_1993          ;
; State Machine Processing                                         ; Auto               ; Auto               ;
; Safe State Machine                                               ; Off                ; Off                ;
; Extract Verilog State Machines                                   ; On                 ; On                 ;
; Extract VHDL State Machines                                      ; On                 ; On                 ;
; Ignore Verilog initial constructs                                ; Off                ; Off                ;
; Iteration limit for constant Verilog loops                       ; 5000               ; 5000               ;
; Iteration limit for non-constant Verilog loops                   ; 250                ; 250                ;
; Add Pass-Through Logic to Inferred RAMs                          ; On                 ; On                 ;
; Infer RAMs from Raw Logic                                        ; On                 ; On                 ;
; Parallel Synthesis                                               ; On                 ; On                 ;
; DSP Block Balancing                                              ; Auto               ; Auto               ;
; NOT Gate Push-Back                                               ; On                 ; On                 ;
; Power-Up Don't Care                                              ; On                 ; On                 ;
; Remove Redundant Logic Cells                                     ; Off                ; Off                ;
; Remove Duplicate Registers                                       ; On                 ; On                 ;
; Ignore CARRY Buffers                                             ; Off                ; Off                ;
; Ignore CASCADE Buffers                                           ; Off                ; Off                ;
; Ignore GLOBAL Buffers                                            ; Off                ; Off                ;
; Ignore ROW GLOBAL Buffers                                        ; Off                ; Off                ;
; Ignore LCELL Buffers                                             ; Off                ; Off                ;
; Ignore SOFT Buffers                                              ; On                 ; On                 ;
; Limit AHDL Integers to 32 Bits                                   ; Off                ; Off                ;
; Optimization Technique                                           ; Balanced           ; Balanced           ;
; Carry Chain Length                                               ; 70                 ; 70                 ;
; Auto Carry Chains                                                ; On                 ; On                 ;
; Auto Open-Drain Pins                                             ; On                 ; On                 ;
; Perform WYSIWYG Primitive Resynthesis                            ; Off                ; Off                ;
; Auto ROM Replacement                                             ; On                 ; On                 ;
; Auto RAM Replacement                                             ; On                 ; On                 ;
; Auto DSP Block Replacement                                       ; On                 ; On                 ;
; Auto Shift Register Replacement                                  ; Auto               ; Auto               ;
; Allow Shift Register Merging across Hierarchies                  ; Auto               ; Auto               ;
; Auto Clock Enable Replacement                                    ; On                 ; On                 ;
; Strict RAM Replacement                                           ; Off                ; Off                ;
; Allow Synchronous Control Signals                                ; On                 ; On                 ;
; Force Use of Synchronous Clear Signals                           ; Off                ; Off                ;
; Auto RAM Block Balancing                                         ; On                 ; On                 ;
; Auto RAM to Logic Cell Conversion                                ; Off                ; Off                ;
; Auto Resource Sharing                                            ; Off                ; Off                ;
; Allow Any RAM Size For Recognition                               ; Off                ; Off                ;
; Allow Any ROM Size For Recognition                               ; Off                ; Off                ;
; Allow Any Shift Register Size For Recognition                    ; Off                ; Off                ;
; Use LogicLock Constraints during Resource Balancing              ; On                 ; On                 ;
; Ignore translate_off and synthesis_off directives                ; Off                ; Off                ;
; Timing-Driven Synthesis                                          ; On                 ; On                 ;
; Report Parameter Settings                                        ; On                 ; On                 ;
; Report Source Assignments                                        ; On                 ; On                 ;
; Report Connectivity Checks                                       ; On                 ; On                 ;
; Ignore Maximum Fan-Out Assignments                               ; Off                ; Off                ;
; Synchronization Register Chain Length                            ; 2                  ; 2                  ;
; Power Optimization During Synthesis                              ; Normal compilation ; Normal compilation ;
; HDL message level                                                ; Level2             ; Level2             ;
; Suppress Register Optimization Related Messages                  ; Off                ; Off                ;
; Number of Removed Registers Reported in Synthesis Report         ; 5000               ; 5000               ;
; Number of Swept Nodes Reported in Synthesis Report               ; 5000               ; 5000               ;
; Number of Inverted Registers Reported in Synthesis Report        ; 100                ; 100                ;
; Clock MUX Protection                                             ; On                 ; On                 ;
; Auto Gated Clock Conversion                                      ; Off                ; Off                ;
; Block Design Naming                                              ; Auto               ; Auto               ;
; SDC constraint protection                                        ; Off                ; Off                ;
; Synthesis Effort                                                 ; Auto               ; Auto               ;
; Shift Register Replacement - Allow Asynchronous Clear Signal     ; On                 ; On                 ;
; Pre-Mapping Resynthesis Optimization                             ; Off                ; Off                ;
; Analysis & Synthesis Message Level                               ; Medium             ; Medium             ;
; Disable Register Merging Across Hierarchies                      ; Auto               ; Auto               ;
; Resource Aware Inference For Block RAM                           ; On                 ; On                 ;
+------------------------------------------------------------------+--------------------+--------------------+


+------------------------------------------+
; Parallel Compilation                     ;
+----------------------------+-------------+
; Processors                 ; Number      ;
+----------------------------+-------------+
; Number detected on machine ; 16          ;
; Maximum allowed            ; 16          ;
;                            ;             ;
; Average used               ; 1.00        ;
; Maximum used               ; 16          ;
;                            ;             ;
; Usage by Processor         ; % Time Used ;
;     Processor 1            ; 100.0%      ;
;     Processor 2            ;   0.0%      ;
;     Processors 3-16        ;   0.0%      ;
+----------------------------+-------------+


+---------------------------------------------------------------------------------------------------------------------------------------------------------------------------------------+
; Analysis & Synthesis Source Files Read                                                                                                                                                ;
+----------------------------------+-----------------+------------------------+-----------------------------------------------------------------------------------------------+---------+
; File Name with User-Entered Path ; Used in Netlist ; File Type              ; File Name with Absolute Path                                                                  ; Library ;
+----------------------------------+-----------------+------------------------+-----------------------------------------------------------------------------------------------+---------+
; ClockDivider.v                   ; yes             ; User Verilog HDL File  ; C:/Users/Chrys Sean Sevilla/Desktop/School Stuff/CPE3101L_Sevilla/LabExers/VMC/ClockDivider.v ;         ;
; VMC.v                            ; yes             ; User Verilog HDL File  ; C:/Users/Chrys Sean Sevilla/Desktop/School Stuff/CPE3101L_Sevilla/LabExers/VMC/VMC.v          ;         ;
; VMC_DE10.v                       ; yes             ; User Verilog HDL File  ; C:/Users/Chrys Sean Sevilla/Desktop/School Stuff/CPE3101L_Sevilla/LabExers/VMC/VMC_DE10.v     ;         ;
+----------------------------------+-----------------+------------------------+-----------------------------------------------------------------------------------------------+---------+


+-----------------------------------------------------------+
; Analysis & Synthesis Resource Usage Summary               ;
+---------------------------------------------+-------------+
; Resource                                    ; Usage       ;
+---------------------------------------------+-------------+
; Estimated Total logic elements              ; 247         ;
;                                             ;             ;
; Total combinational functions               ; 242         ;
; Logic element usage by number of LUT inputs ;             ;
;     -- 4 input functions                    ; 107         ;
;     -- 3 input functions                    ; 21          ;
;     -- <=2 input functions                  ; 114         ;
;                                             ;             ;
; Logic elements by mode                      ;             ;
;     -- normal mode                          ; 171         ;
;     -- arithmetic mode                      ; 71          ;
;                                             ;             ;
; Total registers                             ; 62          ;
;     -- Dedicated logic registers            ; 62          ;
;     -- I/O registers                        ; 0           ;
;                                             ;             ;
; I/O pins                                    ; 21          ;
;                                             ;             ;
; Embedded Multiplier 9-bit elements          ; 0           ;
;                                             ;             ;
; Maximum fan-out node                        ; SW[9]~input ;
; Maximum fan-out                             ; 73          ;
; Total fan-out                               ; 942         ;
; Average fan-out                             ; 2.72        ;
+---------------------------------------------+-------------+


+---------------------------------------------------------------------------------------------------------------------------------------------------------------------------------------------------------------------------------------------------------+
; Analysis & Synthesis Resource Utilization by Entity                                                                                                                                                                                                     ;
+--------------------------------+---------------------+---------------------------+-------------+------------+--------------+---------+-----------+------+--------------+------------+-------------------------------------+--------------+--------------+
; Compilation Hierarchy Node     ; Combinational ALUTs ; Dedicated Logic Registers ; Memory Bits ; UFM Blocks ; DSP Elements ; DSP 9x9 ; DSP 18x18 ; Pins ; Virtual Pins ; ADC blocks ; Full Hierarchy Name                 ; Entity Name  ; Library Name ;
+--------------------------------+---------------------+---------------------------+-------------+------------+--------------+---------+-----------+------+--------------+------------+-------------------------------------+--------------+--------------+
; |VMC_DE10                      ; 242 (0)             ; 62 (0)                    ; 0           ; 0          ; 0            ; 0       ; 0         ; 21   ; 0            ; 0          ; |VMC_DE10                           ; VMC_DE10     ; work         ;
;    |ClockDivider:clk_div_inst| ; 46 (46)             ; 26 (26)                   ; 0           ; 0          ; 0            ; 0       ; 0         ; 0    ; 0            ; 0          ; |VMC_DE10|ClockDivider:clk_div_inst ; ClockDivider ; work         ;
;    |VMC:vmc_inst|              ; 196 (196)           ; 36 (36)                   ; 0           ; 0          ; 0            ; 0       ; 0         ; 0    ; 0            ; 0          ; |VMC_DE10|VMC:vmc_inst              ; VMC          ; work         ;
+--------------------------------+---------------------+---------------------------+-------------+------------+--------------+---------+-----------+------+--------------+------------+-------------------------------------+--------------+--------------+
Note: For table entries with two numbers listed, the numbers in parentheses indicate the number of resources of the given type used by the specific entity alone. The numbers listed outside of parentheses indicate the total resources of the given type used by the specific entity and all of its sub-entities in the hierarchy.


+--------------------------------------------------------------------------------+
; Registers Removed During Synthesis                                             ;
+---------------------------------------+----------------------------------------+
; Register name                         ; Reason for Removal                     ;
+---------------------------------------+----------------------------------------+
; VMC:vmc_inst|C10                      ; Merged with VMC:vmc_inst|C1            ;
; VMC:vmc_inst|C5                       ; Merged with VMC:vmc_inst|C1            ;
; VMC:vmc_inst|price[5..7]              ; Merged with VMC:vmc_inst|price[4]      ;
; VMC:vmc_inst|price[4]                 ; Stuck at GND due to stuck port data_in ;
; Total Number of Removed Registers = 6 ;                                        ;
+---------------------------------------+----------------------------------------+


+------------------------------------------------------+
; General Register Statistics                          ;
+----------------------------------------------+-------+
; Statistic                                    ; Value ;
+----------------------------------------------+-------+
; Total registers                              ; 62    ;
; Number of registers using Synchronous Clear  ; 1     ;
; Number of registers using Synchronous Load   ; 0     ;
; Number of registers using Asynchronous Clear ; 62    ;
; Number of registers using Asynchronous Load  ; 0     ;
; Number of registers using Clock Enable       ; 18    ;
; Number of registers using Preset             ; 0     ;
+----------------------------------------------+-------+


+------------------------------------------------------------------------------------------------------------------------------------------------------------+
; Multiplexer Restructuring Statistics (Restructuring Performed)                                                                                             ;
+--------------------+-----------+---------------+----------------------+------------------------+------------+----------------------------------------------+
; Multiplexer Inputs ; Bus Width ; Baseline Area ; Area if Restructured ; Saving if Restructured ; Registered ; Example Multiplexer Output                   ;
+--------------------+-----------+---------------+----------------------+------------------------+------------+----------------------------------------------+
; 5:1                ; 2 bits    ; 6 LEs         ; 2 LEs                ; 4 LEs                  ; Yes        ; |VMC_DE10|VMC:vmc_inst|price[2]              ;
; 6:1                ; 4 bits    ; 16 LEs        ; 4 LEs                ; 12 LEs                 ; Yes        ; |VMC_DE10|VMC:vmc_inst|item_ptr[1]           ;
; 8:1                ; 7 bits    ; 35 LEs        ; 28 LEs               ; 7 LEs                  ; Yes        ; |VMC_DE10|VMC:vmc_inst|change_due[6]         ;
; 9:1                ; 5 bits    ; 30 LEs        ; 15 LEs               ; 15 LEs                 ; Yes        ; |VMC_DE10|VMC:vmc_inst|state.S_DISPENSE_ITEM ;
; 10:1               ; 2 bits    ; 12 LEs        ; 4 LEs                ; 8 LEs                  ; Yes        ; |VMC_DE10|VMC:vmc_inst|state.S_CALC_CHANGE   ;
; 5:1                ; 7 bits    ; 21 LEs        ; 14 LEs               ; 7 LEs                  ; No         ; |VMC_DE10|VMC:vmc_inst|balance               ;
+--------------------+-----------+---------------+----------------------+------------------------+------------+----------------------------------------------+


+------------------------------------------------------------------------+
; Parameter Settings for User Entity Instance: ClockDivider:clk_div_inst ;
+----------------+----------+--------------------------------------------+
; Parameter Name ; Value    ; Type                                       ;
+----------------+----------+--------------------------------------------+
; DIV_FACTOR     ; 12500000 ; Signed Integer                             ;
+----------------+----------+--------------------------------------------+
Note: In order to hide this table in the UI and the text report file, please set the "Show Parameter Settings in Synthesis Report" option in "Analysis and Synthesis Settings -> More Settings" to "Off".


+-----------------------------------------------------+
; Post-Synthesis Netlist Statistics for Top Partition ;
+-----------------------+-----------------------------+
; Type                  ; Count                       ;
+-----------------------+-----------------------------+
; boundary_port         ; 21                          ;
; cycloneiii_ff         ; 62                          ;
;     CLR               ; 44                          ;
;     ENA CLR           ; 17                          ;
;     ENA CLR SCLR      ; 1                           ;
; cycloneiii_lcell_comb ; 243                         ;
;     arith             ; 71                          ;
;         2 data inputs ; 67                          ;
;         3 data inputs ; 4                           ;
;     normal            ; 172                         ;
;         0 data inputs ; 1                           ;
;         1 data inputs ; 10                          ;
;         2 data inputs ; 37                          ;
;         3 data inputs ; 17                          ;
;         4 data inputs ; 107                         ;
;                       ;                             ;
; Max LUT depth         ; 7.00                        ;
; Average LUT depth     ; 3.94                        ;
+-----------------------+-----------------------------+


+-------------------------------+
; Elapsed Time Per Partition    ;
+----------------+--------------+
; Partition Name ; Elapsed Time ;
+----------------+--------------+
; Top            ; 00:00:00     ;
+----------------+--------------+


+-------------------------------+
; Analysis & Synthesis Messages ;
+-------------------------------+
Info: *******************************************************************
Info: Running Quartus Prime Analysis & Synthesis
    Info: Version 20.1.1 Build 720 11/11/2020 SJ Lite Edition
    Info: Processing started: Wed Dec 17 22:45:51 2025
Info: Command: quartus_map --read_settings_files=on --write_settings_files=off VMC -c VMC
Warning (18236): Number of processors has not been specified which may cause overloading on shared machines.  Set the global assignment NUM_PARALLEL_PROCESSORS in your QSF to an appropriate value for best performance.
Info (20030): Parallel compilation is enabled and will use 16 of the 16 processors detected
Info (12021): Found 1 design units, including 1 entities, in source file clockdivider.v
    Info (12023): Found entity 1: ClockDivider File: C:/Users/Chrys Sean Sevilla/Desktop/School Stuff/CPE3101L_Sevilla/LabExers/VMC/ClockDivider.v Line: 5
Info (12021): Found 1 design units, including 1 entities, in source file vmc.v
    Info (12023): Found entity 1: VMC File: C:/Users/Chrys Sean Sevilla/Desktop/School Stuff/CPE3101L_Sevilla/LabExers/VMC/VMC.v Line: 1
Info (12021): Found 1 design units, including 1 entities, in source file tb_vmc.v
    Info (12023): Found entity 1: tb_VMC File: C:/Users/Chrys Sean Sevilla/Desktop/School Stuff/CPE3101L_Sevilla/LabExers/VMC/tb_VMC.v Line: 3
Info (12021): Found 1 design units, including 1 entities, in source file vmc_de10.v
    Info (12023): Found entity 1: VMC_DE10 File: C:/Users/Chrys Sean Sevilla/Desktop/School Stuff/CPE3101L_Sevilla/LabExers/VMC/VMC_DE10.v Line: 5
Info (12127): Elaborating entity "VMC_DE10" for the top level hierarchy
Info (12128): Elaborating entity "ClockDivider" for hierarchy "ClockDivider:clk_div_inst" File: C:/Users/Chrys Sean Sevilla/Desktop/School Stuff/CPE3101L_Sevilla/LabExers/VMC/VMC_DE10.v Line: 20
Warning (10230): Verilog HDL assignment warning at ClockDivider.v(25): truncated value with size 32 to match size of target (25) File: C:/Users/Chrys Sean Sevilla/Desktop/School Stuff/CPE3101L_Sevilla/LabExers/VMC/ClockDivider.v Line: 25
Info (12128): Elaborating entity "VMC" for hierarchy "VMC:vmc_inst" File: C:/Users/Chrys Sean Sevilla/Desktop/School Stuff/CPE3101L_Sevilla/LabExers/VMC/VMC_DE10.v Line: 43
Info (10264): Verilog HDL Case Statement information at VMC.v(139): all case item expressions in this case statement are onehot File: C:/Users/Chrys Sean Sevilla/Desktop/School Stuff/CPE3101L_Sevilla/LabExers/VMC/VMC.v Line: 139
Info (10018): Can't recognize finite state machine "state" because it has a complex reset state
Warning (13004): Presettable and clearable registers converted to equivalent circuits with latches. Registers power-up to an undefined state, and DEVCLRn places the registers in an undefined state.
    Warning (13310): Register "VMC:vmc_inst|state.S_SELECT" is converted into an equivalent circuit using register "VMC:vmc_inst|state.S_SELECT~_emulated" and latch "VMC:vmc_inst|state.S_SELECT~1" File: C:/Users/Chrys Sean Sevilla/Desktop/School Stuff/CPE3101L_Sevilla/LabExers/VMC/VMC.v Line: 34
    Warning (13310): Register "VMC:vmc_inst|C1" is converted into an equivalent circuit using register "VMC:vmc_inst|C1~_emulated" and latch "VMC:vmc_inst|C1~1" File: C:/Users/Chrys Sean Sevilla/Desktop/School Stuff/CPE3101L_Sevilla/LabExers/VMC/VMC.v Line: 18
    Warning (13310): Register "VMC:vmc_inst|DISPENSE" is converted into an equivalent circuit using register "VMC:vmc_inst|DISPENSE~_emulated" and latch "VMC:vmc_inst|DISPENSE~1" File: C:/Users/Chrys Sean Sevilla/Desktop/School Stuff/CPE3101L_Sevilla/LabExers/VMC/VMC.v Line: 17
    Warning (13310): Register "VMC:vmc_inst|state.S_DISPENSE_ITEM" is converted into an equivalent circuit using register "VMC:vmc_inst|state.S_DISPENSE_ITEM~_emulated" and latch "VMC:vmc_inst|state.S_DISPENSE_ITEM~1" File: C:/Users/Chrys Sean Sevilla/Desktop/School Stuff/CPE3101L_Sevilla/LabExers/VMC/VMC.v Line: 34
    Warning (13310): Register "VMC:vmc_inst|state.S_CALC_CHANGE" is converted into an equivalent circuit using register "VMC:vmc_inst|state.S_CALC_CHANGE~_emulated" and latch "VMC:vmc_inst|state.S_CALC_CHANGE~1" File: C:/Users/Chrys Sean Sevilla/Desktop/School Stuff/CPE3101L_Sevilla/LabExers/VMC/VMC.v Line: 34
    Warning (13310): Register "VMC:vmc_inst|state.S_REFUND" is converted into an equivalent circuit using register "VMC:vmc_inst|state.S_REFUND~_emulated" and latch "VMC:vmc_inst|state.S_REFUND~1" File: C:/Users/Chrys Sean Sevilla/Desktop/School Stuff/CPE3101L_Sevilla/LabExers/VMC/VMC.v Line: 34
    Warning (13310): Register "VMC:vmc_inst|state.S_PAY" is converted into an equivalent circuit using register "VMC:vmc_inst|state.S_PAY~_emulated" and latch "VMC:vmc_inst|state.S_PAY~1" File: C:/Users/Chrys Sean Sevilla/Desktop/School Stuff/CPE3101L_Sevilla/LabExers/VMC/VMC.v Line: 34
    Warning (13310): Register "VMC:vmc_inst|state.S_OUT_CHANGE" is converted into an equivalent circuit using register "VMC:vmc_inst|state.S_OUT_CHANGE~_emulated" and latch "VMC:vmc_inst|state.S_OUT_CHANGE~1" File: C:/Users/Chrys Sean Sevilla/Desktop/School Stuff/CPE3101L_Sevilla/LabExers/VMC/VMC.v Line: 34
    Warning (13310): Register "VMC:vmc_inst|state.S_IDLE" is converted into an equivalent circuit using register "VMC:vmc_inst|state.S_IDLE~_emulated" and latch "VMC:vmc_inst|state.S_IDLE~1" File: C:/Users/Chrys Sean Sevilla/Desktop/School Stuff/CPE3101L_Sevilla/LabExers/VMC/VMC.v Line: 34
Warning (13024): Output pins are stuck at VCC or GND
    Warning (13410): Pin "LEDR[3]" is stuck at GND File: C:/Users/Chrys Sean Sevilla/Desktop/School Stuff/CPE3101L_Sevilla/LabExers/VMC/VMC_DE10.v Line: 9
    Warning (13410): Pin "LEDR[4]" is stuck at GND File: C:/Users/Chrys Sean Sevilla/Desktop/School Stuff/CPE3101L_Sevilla/LabExers/VMC/VMC_DE10.v Line: 9
    Warning (13410): Pin "LEDR[8]" is stuck at GND File: C:/Users/Chrys Sean Sevilla/Desktop/School Stuff/CPE3101L_Sevilla/LabExers/VMC/VMC_DE10.v Line: 9
Info (286030): Timing-Driven Synthesis is running
Info (16010): Generating hard_block partition "hard_block:auto_generated_inst"
    Info (16011): Adding 0 node(s), including 0 DDIO, 0 PLL, 0 transceiver and 0 LCELL
Warning (21074): Design contains 2 input pin(s) that do not drive logic
    Warning (15610): No output dependent on input pin "SW[7]" File: C:/Users/Chrys Sean Sevilla/Desktop/School Stuff/CPE3101L_Sevilla/LabExers/VMC/VMC_DE10.v Line: 7
    Warning (15610): No output dependent on input pin "SW[8]" File: C:/Users/Chrys Sean Sevilla/Desktop/School Stuff/CPE3101L_Sevilla/LabExers/VMC/VMC_DE10.v Line: 7
Info (21057): Implemented 272 device resources after synthesis - the final resource count might be different
    Info (21058): Implemented 11 input pins
    Info (21059): Implemented 10 output pins
    Info (21061): Implemented 251 logic cells
Info: Quartus Prime Analysis & Synthesis was successful. 0 errors, 19 warnings
    Info: Peak virtual memory: 4841 megabytes
    Info: Processing ended: Wed Dec 17 22:46:00 2025
    Info: Elapsed time: 00:00:09
    Info: Total CPU time (on all processors): 00:00:20


